Using pre-set license
Built from '2021.3/staging' branch; Version is '2021.3.3f1 (af2e63e8f9bd) revision 11480675'; Using compiler version '192829333'; Build Type 'Release'
OS: 'Windows 10  (10.0.19044) 64bit Professional' Language: 'en' Physical Memory: 8047 MB
BatchMode: 1, IsHumanControllingUs: 0, StartBugReporterOnCrash: 0, Is64bit: 1, IsPro: 1

COMMAND LINE ARGUMENTS:
C:\Program Files\Unity\Hub\Editor\2021.3.3f1\Editor\Unity.exe
-adb2
-batchMode
-noUpm
-name
AssetImportWorker11
-projectPath
C:/Users/errol/Downloads/IDPGroup3GameFIXED-PLSWORKLOL/IDPGroup3GameFIXED-PLSWORKLOL/TitleScreen
-logFile
Logs/AssetImportWorker11.log
-srvPort
64595
Successfully changed project path to: C:/Users/errol/Downloads/IDPGroup3GameFIXED-PLSWORKLOL/IDPGroup3GameFIXED-PLSWORKLOL/TitleScreen
C:/Users/errol/Downloads/IDPGroup3GameFIXED-PLSWORKLOL/IDPGroup3GameFIXED-PLSWORKLOL/TitleScreen
[UnityMemory] Configuration Parameters - Can be set up in boot.config
    "memorysetup-bucket-allocator-granularity=16"
    "memorysetup-bucket-allocator-bucket-count=8"
    "memorysetup-bucket-allocator-block-size=33554432"
    "memorysetup-bucket-allocator-block-count=8"
    "memorysetup-main-allocator-block-size=16777216"
    "memorysetup-thread-allocator-block-size=16777216"
    "memorysetup-gfx-main-allocator-block-size=16777216"
    "memorysetup-gfx-thread-allocator-block-size=16777216"
    "memorysetup-cache-allocator-block-size=4194304"
    "memorysetup-typetree-allocator-block-size=2097152"
    "memorysetup-profiler-bucket-allocator-granularity=16"
    "memorysetup-profiler-bucket-allocator-bucket-count=8"
    "memorysetup-profiler-bucket-allocator-block-size=33554432"
    "memorysetup-profiler-bucket-allocator-block-count=8"
    "memorysetup-profiler-allocator-block-size=16777216"
    "memorysetup-profiler-editor-allocator-block-size=1048576"
    "memorysetup-temp-allocator-size-main=16777216"
    "memorysetup-job-temp-allocator-block-size=2097152"
    "memorysetup-job-temp-allocator-block-size-background=1048576"
    "memorysetup-job-temp-allocator-reduction-small-platforms=262144"
    "memorysetup-temp-allocator-size-background-worker=32768"
    "memorysetup-temp-allocator-size-job-worker=262144"
    "memorysetup-temp-allocator-size-preload-manager=33554432"
    "memorysetup-temp-allocator-size-nav-mesh-worker=65536"
    "memorysetup-temp-allocator-size-audio-worker=65536"
    "memorysetup-temp-allocator-size-cloud-worker=32768"
    "memorysetup-temp-allocator-size-gi-baking-worker=262144"
    "memorysetup-temp-allocator-size-gfx=262144"
Refreshing native plugins compatible for Editor in 95.05 ms, found 3 plugins.
Preloading 0 native plugins for Editor in 0.00 ms.
Initialize engine version: 2021.3.3f1 (af2e63e8f9bd)
[Subsystems] Discovering subsystems at path C:/Program Files/Unity/Hub/Editor/2021.3.3f1/Editor/Data/Resources/UnitySubsystems
[Subsystems] Discovering subsystems at path C:/Users/errol/Downloads/IDPGroup3GameFIXED-PLSWORKLOL/IDPGroup3GameFIXED-PLSWORKLOL/TitleScreen/Assets
GfxDevice: creating device client; threaded=0; jobified=0
Direct3D:
    Version:  Direct3D 11.0 [level 11.1]
    Renderer: NVIDIA GeForce GTX 960 (ID=0x1401)
    Vendor:   NVIDIA
    VRAM:     4053 MB
    Driver:   27.21.14.5655
Initialize mono
Mono path[0] = 'C:/Program Files/Unity/Hub/Editor/2021.3.3f1/Editor/Data/Managed'
Mono path[1] = 'C:/Program Files/Unity/Hub/Editor/2021.3.3f1/Editor/Data/MonoBleedingEdge/lib/mono/unityjit-win32'
Mono config path = 'C:/Program Files/Unity/Hub/Editor/2021.3.3f1/Editor/Data/MonoBleedingEdge/etc'
Using monoOptions --debugger-agent=transport=dt_socket,embedding=1,server=y,suspend=n,address=127.0.0.1:56280
Begin MonoManager ReloadAssembly
Registering precompiled unity dll's ...
Register platform support module: C:/Program Files/Unity/Hub/Editor/2021.3.3f1/Editor/Data/PlaybackEngines/WindowsStandaloneSupport/UnityEditor.WindowsStandalone.Extensions.dll
Registered in 0.017691 seconds.
Native extension for WindowsStandalone target not found
Refreshing native plugins compatible for Editor in 87.38 ms, found 3 plugins.
Preloading 0 native plugins for Editor in 0.00 ms.
Mono: successfully reloaded assembly
- Completed reload, in  0.811 seconds
Domain Reload Profiling:
	ReloadAssembly (811ms)
		BeginReloadAssembly (113ms)
			ExecutionOrderSort (0ms)
			DisableScriptedObjects (0ms)
			BackupInstance (0ms)
			ReleaseScriptingObjects (0ms)
			CreateAndSetChildDomain (1ms)
		EndReloadAssembly (544ms)
			LoadAssemblies (108ms)
			RebuildTransferFunctionScriptingTraits (0ms)
			SetupTypeCache (125ms)
			ReleaseScriptCaches (0ms)
			RebuildScriptCaches (33ms)
			SetupLoadedEditorAssemblies (321ms)
				LogAssemblyErrors (0ms)
				InitializePlatformSupportModulesInManaged (12ms)
				SetLoadedEditorAssemblies (0ms)
				RefreshPlugins (88ms)
				BeforeProcessingInitializeOnLoad (1ms)
				ProcessInitializeOnLoadAttributes (165ms)
				ProcessInitializeOnLoadMethodAttributes (54ms)
				AfterProcessingInitializeOnLoad (0ms)
				EditorAssembliesLoaded (0ms)
			ExecutionOrderSort2 (0ms)
			AwakeInstancesAfterBackupRestoration (0ms)
Platform modules already initialized, skipping
Registering precompiled user dll's ...
Registered in 0.011718 seconds.
Begin MonoManager ReloadAssembly
Symbol file LoadedFromMemory doesn't match image C:\Users\errol\Downloads\IDPGroup3GameFIXED-PLSWORKLOL\IDPGroup3GameFIXED-PLSWORKLOL\TitleScreen\Library\PackageCache\com.unity.visualscripting@1.7.6\Editor\VisualScripting.Core\Dependencies\YamlDotNet\Unity.VisualScripting.YamlDotNet.dll
Symbol file LoadedFromMemory doesn't match image C:\Users\errol\Downloads\IDPGroup3GameFIXED-PLSWORKLOL\IDPGroup3GameFIXED-PLSWORKLOL\TitleScreen\Library\PackageCache\com.unity.visualscripting@1.7.6\Editor\VisualScripting.Core\Dependencies\DotNetZip\Unity.VisualScripting.IonicZip.dll
Native extension for WindowsStandalone target not found
Refreshing native plugins compatible for Editor in 0.84 ms, found 3 plugins.
Preloading 0 native plugins for Editor in 0.00 ms.
Mono: successfully reloaded assembly
- Completed reload, in  8.211 seconds
Domain Reload Profiling:
	ReloadAssembly (8212ms)
		BeginReloadAssembly (180ms)
			ExecutionOrderSort (0ms)
			DisableScriptedObjects (8ms)
			BackupInstance (0ms)
			ReleaseScriptingObjects (0ms)
			CreateAndSetChildDomain (29ms)
		EndReloadAssembly (7780ms)
			LoadAssemblies (6755ms)
			RebuildTransferFunctionScriptingTraits (0ms)
			SetupTypeCache (398ms)
			ReleaseScriptCaches (1ms)
			RebuildScriptCaches (60ms)
			SetupLoadedEditorAssemblies (540ms)
				LogAssemblyErrors (0ms)
				InitializePlatformSupportModulesInManaged (9ms)
				SetLoadedEditorAssemblies (1ms)
				RefreshPlugins (1ms)
				BeforeProcessingInitializeOnLoad (123ms)
				ProcessInitializeOnLoadAttributes (318ms)
				ProcessInitializeOnLoadMethodAttributes (68ms)
				AfterProcessingInitializeOnLoad (19ms)
				EditorAssembliesLoaded (0ms)
			ExecutionOrderSort2 (0ms)
			AwakeInstancesAfterBackupRestoration (7ms)
Platform modules already initialized, skipping
========================================================================
Worker process is ready to serve import requests
Launched and connected shader compiler UnityShaderCompiler.exe after 0.51 seconds
Refreshing native plugins compatible for Editor in 0.94 ms, found 3 plugins.
Preloading 0 native plugins for Editor in 0.00 ms.
Unloading 3400 Unused Serialized files (Serialized files now loaded: 0)
Unloading 24 unused Assets / (56.0 KB). Loaded Objects now: 3859.
Memory consumption went from 119.6 MB to 119.5 MB.
Total: 4.377500 ms (FindLiveObjects: 0.663600 ms CreateObjectMapping: 0.219700 ms MarkObjects: 3.386100 ms  DeleteObjects: 0.106500 ms)

AssetImportParameters requested are different than current active one (requested -> active):
  custom:video-decoder-ogg-theora: a1e56fd34408186e4bbccfd4996cb3dc -> 
  custom:container-muxer-webm: aa71ff27fc2769a1b78a27578f13a17b -> 
  custom:container-demuxer-webm: 4f35f7cbe854078d1ac9338744f61a02 -> 
  custom:video-encoder-webm-vp8: eb34c28f22e8b96e1ab97ce403110664 -> 
  custom:video-codec-MediaFoundation-h265: 746d11721c4dcdbdad8f713fa42b33f4 -> 
  custom:audio-encoder-webm-vorbis: bf7c407c2cedff20999df2af8eb42d56 -> 
  custom:framework-win-MediaFoundation: 216162199b28c13a410421893ffa2e32 -> 
  custom:container-demuxer-ogg: 62fdf1f143b41e24485cea50d1cbac27 -> 
  custom:video-decoder-webm-vp8: 9c59270c3fd7afecdb556c50c9e8de78 -> 
  custom:audio-decoder-ogg-vorbis: bf7c407c2cedff20999df2af8eb42d56 -> 
========================================================================
Received Import Request.
  Time since last request: 250173.653826 seconds.
  path: Assets/Scripts/SpreadsheetScripts
  artifactKey: Guid(eeb6c687182c57840adff2f993b5edef) Importer(815301076,1909f56bfc062723c751e8b465ee728b)
Start importing Assets/Scripts/SpreadsheetScripts using Guid(eeb6c687182c57840adff2f993b5edef) Importer(815301076,1909f56bfc062723c751e8b465ee728b)  -> (artifact id: '6df95989bba96a8ea301a72cab4bac3a') in 0.300473 seconds 
========================================================================
Received Import Request.
  Time since last request: 0.000025 seconds.
  path: Assets/HintBubbleCanvas.prefab
  artifactKey: Guid(175f8d1c465bee742960738cf1d108b0) Importer(815301076,1909f56bfc062723c751e8b465ee728b)
Start importing Assets/HintBubbleCanvas.prefab using Guid(175f8d1c465bee742960738cf1d108b0) Importer(815301076,1909f56bfc062723c751e8b465ee728b)  -> (artifact id: 'b6a68b81e373e642fb2193582eba4a4b') in 1.192525 seconds 
========================================================================
Received Import Request.
  Time since last request: 7.571021 seconds.
  path: Assets/Images/Room1/BlueTimers/BlueTimer1.png
  artifactKey: Guid(23bbd97bd8efabb4c88cf98445af2d71) Importer(815301076,1909f56bfc062723c751e8b465ee728b)
Start importing Assets/Images/Room1/BlueTimers/BlueTimer1.png using Guid(23bbd97bd8efabb4c88cf98445af2d71) Importer(815301076,1909f56bfc062723c751e8b465ee728b)  -> (artifact id: '22793ffbf8abefaa99d51860299e1057') in 3.422571 seconds 
========================================================================
Received Import Request.
  Time since last request: 0.000027 seconds.
  path: Assets/Images/Room1/BlueTimers/BlueTimer4.png
  artifactKey: Guid(560da57fac6d8344eacd6ea64240d9b0) Importer(815301076,1909f56bfc062723c751e8b465ee728b)
Start importing Assets/Images/Room1/BlueTimers/BlueTimer4.png using Guid(560da57fac6d8344eacd6ea64240d9b0) Importer(815301076,1909f56bfc062723c751e8b465ee728b)  -> (artifact id: 'd24378f2829bc8ae5db13e5274e974b0') in 0.666666 seconds 
========================================================================
Received Import Request.
  Time since last request: 10.365037 seconds.
  path: Assets/Images/Room1/ApeEscapeTitleScreen1.png
  artifactKey: Guid(7aaa19956e5b4d34988b9d4ae497e74d) Importer(815301076,1909f56bfc062723c751e8b465ee728b)
Start importing Assets/Images/Room1/ApeEscapeTitleScreen1.png using Guid(7aaa19956e5b4d34988b9d4ae497e74d) Importer(815301076,1909f56bfc062723c751e8b465ee728b)  -> (artifact id: 'ca26d682637d36c9b21da440f1ff7d70') in 0.303410 seconds 
========================================================================
Received Import Request.
  Time since last request: 0.000032 seconds.
  path: Assets/Images/Room1/Diary1.png
  artifactKey: Guid(5dc27d16629ab734c9d7315e57325dcf) Importer(815301076,1909f56bfc062723c751e8b465ee728b)
Start importing Assets/Images/Room1/Diary1.png using Guid(5dc27d16629ab734c9d7315e57325dcf) Importer(815301076,1909f56bfc062723c751e8b465ee728b)  -> (artifact id: '9ff69becfe597419c4ff157780345311') in 0.150469 seconds 
========================================================================
Received Import Request.
  Time since last request: 0.000031 seconds.
  path: Assets/Images/Room1/DiaryStickyNote.png
  artifactKey: Guid(f4ecb1b4b3888194fb8e4d57fde17a69) Importer(815301076,1909f56bfc062723c751e8b465ee728b)
Start importing Assets/Images/Room1/DiaryStickyNote.png using Guid(f4ecb1b4b3888194fb8e4d57fde17a69) Importer(815301076,1909f56bfc062723c751e8b465ee728b)  -> (artifact id: '8389d892e1d59aa053dbfc26ae2b7b35') in 0.586294 seconds 
========================================================================
Received Import Request.
  Time since last request: 0.000029 seconds.
  path: Assets/Images/Bedroom1_1.png
  artifactKey: Guid(446051bc57c516e40bd1344df00991e7) Importer(815301076,1909f56bfc062723c751e8b465ee728b)
Start importing Assets/Images/Bedroom1_1.png using Guid(446051bc57c516e40bd1344df00991e7) Importer(815301076,1909f56bfc062723c751e8b465ee728b)  -> (artifact id: '713b951219d0aedaabf5ea1d88ea8575') in 0.402782 seconds 
========================================================================
Received Import Request.
  Time since last request: 0.000040 seconds.
  path: Assets/Images/ApeEscapeTitleScreen1.png
  artifactKey: Guid(a5471dd03cd048f4c810713110fd644a) Importer(815301076,1909f56bfc062723c751e8b465ee728b)
Start importing Assets/Images/ApeEscapeTitleScreen1.png using Guid(a5471dd03cd048f4c810713110fd644a) Importer(815301076,1909f56bfc062723c751e8b465ee728b)  -> (artifact id: 'a86b2096007f7b27ea24e19688b080f7') in 0.138577 seconds 
========================================================================
Received Import Request.
  Time since last request: 0.000024 seconds.
  path: Assets/Images/Diary3.png
  artifactKey: Guid(ed434b53955b1a6418420bcb40cad200) Importer(815301076,1909f56bfc062723c751e8b465ee728b)
Start importing Assets/Images/Diary3.png using Guid(ed434b53955b1a6418420bcb40cad200) Importer(815301076,1909f56bfc062723c751e8b465ee728b)  -> (artifact id: '8ae5a3ae29a9a9452df59beeb15167fa') in 0.295473 seconds 
========================================================================
Received Import Request.
  Time since last request: 0.000028 seconds.
  path: Assets/Images/Diary1.png
  artifactKey: Guid(613c2123850ef684ea39395c088feb55) Importer(815301076,1909f56bfc062723c751e8b465ee728b)
Start importing Assets/Images/Diary1.png using Guid(613c2123850ef684ea39395c088feb55) Importer(815301076,1909f56bfc062723c751e8b465ee728b)  -> (artifact id: '14b4dde410e8daf736db1546cac17ff0') in 0.145832 seconds 
========================================================================
Received Import Request.
  Time since last request: 0.000036 seconds.
  path: Assets/Images/stickynotetemp.png
  artifactKey: Guid(f99fcf4dea56aea4cb51f57762640709) Importer(815301076,1909f56bfc062723c751e8b465ee728b)
Start importing Assets/Images/stickynotetemp.png using Guid(f99fcf4dea56aea4cb51f57762640709) Importer(815301076,1909f56bfc062723c751e8b465ee728b)  -> (artifact id: '30c6aab526ad2de53693768f603a2d74') in 0.158512 seconds 
========================================================================
Received Import Request.
  Time since last request: 0.000024 seconds.
  path: Assets/Images/Room1/MusicBoxZoomed.png
  artifactKey: Guid(7e7b2f38b9327f94d9c8179d2a09649d) Importer(815301076,1909f56bfc062723c751e8b465ee728b)
Start importing Assets/Images/Room1/MusicBoxZoomed.png using Guid(7e7b2f38b9327f94d9c8179d2a09649d) Importer(815301076,1909f56bfc062723c751e8b465ee728b)  -> (artifact id: 'd89b64f532cbbb0198177f0a90471b57') in 0.105524 seconds 
========================================================================
Received Import Request.
  Time since last request: 0.000023 seconds.
  path: Assets/Images/MusicBoxWHandle.png
  artifactKey: Guid(1fbbbce591f072c4998a92f1a0126051) Importer(815301076,1909f56bfc062723c751e8b465ee728b)
Start importing Assets/Images/MusicBoxWHandle.png using Guid(1fbbbce591f072c4998a92f1a0126051) Importer(815301076,1909f56bfc062723c751e8b465ee728b)  -> (artifact id: 'c6bd92338f29d79a90f19183c0a32368') in 0.186398 seconds 
========================================================================
Received Import Request.
  Time since last request: 0.000027 seconds.
  path: Assets/Images/HandleMusicBox.png
  artifactKey: Guid(e147483424b0a9441a0dfc9842d4f57c) Importer(815301076,1909f56bfc062723c751e8b465ee728b)
Start importing Assets/Images/HandleMusicBox.png using Guid(e147483424b0a9441a0dfc9842d4f57c) Importer(815301076,1909f56bfc062723c751e8b465ee728b)  -> (artifact id: 'b4e524f0bbadb49c8ab273196f75e598') in 0.179941 seconds 
========================================================================
Received Import Request.
  Time since last request: 0.000046 seconds.
  path: Assets/Images/UpArrow.png
  artifactKey: Guid(74e60ee7521d0a147875c8dc26c2cede) Importer(815301076,1909f56bfc062723c751e8b465ee728b)
Start importing Assets/Images/UpArrow.png using Guid(74e60ee7521d0a147875c8dc26c2cede) Importer(815301076,1909f56bfc062723c751e8b465ee728b)  -> (artifact id: 'fc8cd90b7efae6b31d91bffeb3aa8721') in 0.257158 seconds 
========================================================================
Received Import Request.
  Time since last request: 0.000029 seconds.
  path: Assets/Images/Room1/CrumpledDrawing 1.png
  artifactKey: Guid(a983ef07c0506484182bc5bbf3577089) Importer(815301076,1909f56bfc062723c751e8b465ee728b)
Start importing Assets/Images/Room1/CrumpledDrawing 1.png using Guid(a983ef07c0506484182bc5bbf3577089) Importer(815301076,1909f56bfc062723c751e8b465ee728b)  -> (artifact id: 'bf40287fd7ffb8a281ce307b33daac1c') in 1.010564 seconds 
========================================================================
Received Import Request.
  Time since last request: 0.000034 seconds.
  path: Assets/Images/Room1/UpArrow.png
  artifactKey: Guid(c3272dafb9d11ca40bd44b67f1a0ff26) Importer(815301076,1909f56bfc062723c751e8b465ee728b)
Start importing Assets/Images/Room1/UpArrow.png using Guid(c3272dafb9d11ca40bd44b67f1a0ff26) Importer(815301076,1909f56bfc062723c751e8b465ee728b)  -> (artifact id: '021896bca825444158c27d0c14f0bb1e') in 0.064494 seconds 
========================================================================
Received Import Request.
  Time since last request: 0.000030 seconds.
  path: Assets/Images/Room1/stickynotetemp.png
  artifactKey: Guid(7a4e1f6c519f47148b68b6e5a9cd8769) Importer(815301076,1909f56bfc062723c751e8b465ee728b)
Start importing Assets/Images/Room1/stickynotetemp.png using Guid(7a4e1f6c519f47148b68b6e5a9cd8769) Importer(815301076,1909f56bfc062723c751e8b465ee728b)  -> (artifact id: 'bd0b503dc55b56f35e12a1112f8c467f') in 0.093643 seconds 
========================================================================
Received Import Request.
  Time since last request: 0.000034 seconds.
  path: Assets/Images/Room1/InventorySlot_EmptySqure.png
  artifactKey: Guid(534d9129a6cdaf947941d5e05b217094) Importer(815301076,1909f56bfc062723c751e8b465ee728b)
Start importing Assets/Images/Room1/InventorySlot_EmptySqure.png using Guid(534d9129a6cdaf947941d5e05b217094) Importer(815301076,1909f56bfc062723c751e8b465ee728b)  -> (artifact id: '0e6609973f9dfd70358125cb44584c75') in 0.361874 seconds 
========================================================================
Received Import Request.
  Time since last request: 0.000478 seconds.
  path: Assets/Images/Room1/Shelf1_2.png
  artifactKey: Guid(b52898d1ded14f74db2f5895b429da78) Importer(815301076,1909f56bfc062723c751e8b465ee728b)
Start importing Assets/Images/Room1/Shelf1_2.png using Guid(b52898d1ded14f74db2f5895b429da78) Importer(815301076,1909f56bfc062723c751e8b465ee728b)  -> (artifact id: '790c352763762270d86a651c7ece0867') in 0.382844 seconds 
========================================================================
Received Import Request.
  Time since last request: 0.000092 seconds.
  path: Assets/Images/MenuButton.png
  artifactKey: Guid(b78880d13872ac34888e26bab1efe9ea) Importer(815301076,1909f56bfc062723c751e8b465ee728b)
Start importing Assets/Images/MenuButton.png using Guid(b78880d13872ac34888e26bab1efe9ea) Importer(815301076,1909f56bfc062723c751e8b465ee728b)  -> (artifact id: '6449db8a486acb8f14ec1081058be0c3') in 0.727798 seconds 
========================================================================
Received Import Request.
  Time since last request: 8.192752 seconds.
  path: Assets/Images/Room1/BlueTimers/BlueSandtimerFlip.cs
  artifactKey: Guid(7ffc2118d4dbd084cb8b5aec8af3093b) Importer(815301076,1909f56bfc062723c751e8b465ee728b)
Start importing Assets/Images/Room1/BlueTimers/BlueSandtimerFlip.cs using Guid(7ffc2118d4dbd084cb8b5aec8af3093b) Importer(815301076,1909f56bfc062723c751e8b465ee728b)  -> (artifact id: 'b44dfc3bd2954ad1c4648882137d8188') in 0.058527 seconds 
========================================================================
Received Import Request.
  Time since last request: 25.340516 seconds.
  path: Assets/FLOWPUZZLE/LinePrefabs/BlueKnob.prefab
  artifactKey: Guid(b37a1609a5630c840a801a49a6a7c5f0) Importer(815301076,1909f56bfc062723c751e8b465ee728b)
Start importing Assets/FLOWPUZZLE/LinePrefabs/BlueKnob.prefab using Guid(b37a1609a5630c840a801a49a6a7c5f0) Importer(815301076,1909f56bfc062723c751e8b465ee728b)  -> (artifact id: '0378422c6379191c97d0dde09e564e00') in 0.255814 seconds 
========================================================================
Received Import Request.
  Time since last request: 0.000028 seconds.
  path: Assets/Images/BlueTimers/BlueTimer2.png
  artifactKey: Guid(268e2a33d203fa842bebb949b94bb56b) Importer(815301076,1909f56bfc062723c751e8b465ee728b)
Start importing Assets/Images/BlueTimers/BlueTimer2.png using Guid(268e2a33d203fa842bebb949b94bb56b) Importer(815301076,1909f56bfc062723c751e8b465ee728b)  -> (artifact id: '4968a9087a99211bda12c7d2762abb89') in 0.909214 seconds 
========================================================================
Received Import Request.
  Time since last request: 0.000035 seconds.
  path: Assets/Images/BlueTimers/BlueTimerEmpty.png
  artifactKey: Guid(d4bb2cedeb4cdeb4c91d722fc0797799) Importer(815301076,1909f56bfc062723c751e8b465ee728b)
Start importing Assets/Images/BlueTimers/BlueTimerEmpty.png using Guid(d4bb2cedeb4cdeb4c91d722fc0797799) Importer(815301076,1909f56bfc062723c751e8b465ee728b)  -> (artifact id: 'a3b9becfb6fc0b265b03b6389db3811a') in 0.683286 seconds 
========================================================================
Received Import Request.
  Time since last request: 0.163664 seconds.
  path: Assets/Images/BlueTimers/BlueSandtimerFlip.cs
  artifactKey: Guid(15c274b16e92bdb439b8ae168b25d71e) Importer(815301076,1909f56bfc062723c751e8b465ee728b)
Start importing Assets/Images/BlueTimers/BlueSandtimerFlip.cs using Guid(15c274b16e92bdb439b8ae168b25d71e) Importer(815301076,1909f56bfc062723c751e8b465ee728b)  -> (artifact id: 'c8ddffd7101e3cd939fda3986f7e2ba6') in 0.004798 seconds 
========================================================================
Received Prepare
Registering precompiled user dll's ...
Registered in 0.010823 seconds.
Begin MonoManager ReloadAssembly
Symbol file LoadedFromMemory doesn't match image C:\Users\errol\Downloads\IDPGroup3GameFIXED-PLSWORKLOL\IDPGroup3GameFIXED-PLSWORKLOL\TitleScreen\Library\PackageCache\com.unity.visualscripting@1.7.6\Editor\VisualScripting.Core\Dependencies\YamlDotNet\Unity.VisualScripting.YamlDotNet.dll
Symbol file LoadedFromMemory doesn't match image C:\Users\errol\Downloads\IDPGroup3GameFIXED-PLSWORKLOL\IDPGroup3GameFIXED-PLSWORKLOL\TitleScreen\Library\PackageCache\com.unity.visualscripting@1.7.6\Editor\VisualScripting.Core\Dependencies\DotNetZip\Unity.VisualScripting.IonicZip.dll
Native extension for WindowsStandalone target not found
Refreshing native plugins compatible for Editor in 0.81 ms, found 3 plugins.
Preloading 0 native plugins for Editor in 0.00 ms.
Mono: successfully reloaded assembly
- Completed reload, in  1.275 seconds
Domain Reload Profiling:
	ReloadAssembly (1276ms)
		BeginReloadAssembly (221ms)
			ExecutionOrderSort (0ms)
			DisableScriptedObjects (5ms)
			BackupInstance (0ms)
			ReleaseScriptingObjects (0ms)
			CreateAndSetChildDomain (72ms)
		EndReloadAssembly (925ms)
			LoadAssemblies (129ms)
			RebuildTransferFunctionScriptingTraits (0ms)
			SetupTypeCache (323ms)
			ReleaseScriptCaches (2ms)
			RebuildScriptCaches (47ms)
			SetupLoadedEditorAssemblies (397ms)
				LogAssemblyErrors (0ms)
				InitializePlatformSupportModulesInManaged (18ms)
				SetLoadedEditorAssemblies (1ms)
				RefreshPlugins (1ms)
				BeforeProcessingInitializeOnLoad (93ms)
				ProcessInitializeOnLoadAttributes (233ms)
				ProcessInitializeOnLoadMethodAttributes (32ms)
				AfterProcessingInitializeOnLoad (19ms)
				EditorAssembliesLoaded (0ms)
			ExecutionOrderSort2 (0ms)
			AwakeInstancesAfterBackupRestoration (7ms)
Platform modules already initialized, skipping
Refreshing native plugins compatible for Editor in 3.89 ms, found 3 plugins.
Preloading 0 native plugins for Editor in 0.00 ms.
Unloading 3379 Unused Serialized files (Serialized files now loaded: 0)
Unloading 19 unused Assets / (25.4 KB). Loaded Objects now: 3879.
Memory consumption went from 122.4 MB to 122.4 MB.
Total: 4.242000 ms (FindLiveObjects: 0.372700 ms CreateObjectMapping: 0.324200 ms MarkObjects: 3.489600 ms  DeleteObjects: 0.054400 ms)

AssetImportParameters requested are different than current active one (requested -> active):
  custom:video-decoder-ogg-theora: a1e56fd34408186e4bbccfd4996cb3dc -> 
  custom:container-muxer-webm: aa71ff27fc2769a1b78a27578f13a17b -> 
  custom:container-demuxer-webm: 4f35f7cbe854078d1ac9338744f61a02 -> 
  custom:video-encoder-webm-vp8: eb34c28f22e8b96e1ab97ce403110664 -> 
  custom:video-codec-MediaFoundation-h265: 746d11721c4dcdbdad8f713fa42b33f4 -> 
  custom:audio-encoder-webm-vorbis: bf7c407c2cedff20999df2af8eb42d56 -> 
  custom:framework-win-MediaFoundation: 216162199b28c13a410421893ffa2e32 -> 
  custom:container-demuxer-ogg: 62fdf1f143b41e24485cea50d1cbac27 -> 
  custom:video-decoder-webm-vp8: 9c59270c3fd7afecdb556c50c9e8de78 -> 
  custom:audio-decoder-ogg-vorbis: bf7c407c2cedff20999df2af8eb42d56 -> 
========================================================================
Received Prepare
Registering precompiled user dll's ...
Registered in 0.012707 seconds.
Begin MonoManager ReloadAssembly
Symbol file LoadedFromMemory doesn't match image C:\Users\errol\Downloads\IDPGroup3GameFIXED-PLSWORKLOL\IDPGroup3GameFIXED-PLSWORKLOL\TitleScreen\Library\PackageCache\com.unity.visualscripting@1.7.6\Editor\VisualScripting.Core\Dependencies\YamlDotNet\Unity.VisualScripting.YamlDotNet.dll
Symbol file LoadedFromMemory doesn't match image C:\Users\errol\Downloads\IDPGroup3GameFIXED-PLSWORKLOL\IDPGroup3GameFIXED-PLSWORKLOL\TitleScreen\Library\PackageCache\com.unity.visualscripting@1.7.6\Editor\VisualScripting.Core\Dependencies\DotNetZip\Unity.VisualScripting.IonicZip.dll
Native extension for WindowsStandalone target not found
Refreshing native plugins compatible for Editor in 0.75 ms, found 3 plugins.
Preloading 0 native plugins for Editor in 0.00 ms.
Mono: successfully reloaded assembly
- Completed reload, in  2.048 seconds
Domain Reload Profiling:
	ReloadAssembly (2049ms)
		BeginReloadAssembly (301ms)
			ExecutionOrderSort (0ms)
			DisableScriptedObjects (9ms)
			BackupInstance (0ms)
			ReleaseScriptingObjects (0ms)
			CreateAndSetChildDomain (60ms)
		EndReloadAssembly (1537ms)
			LoadAssemblies (230ms)
			RebuildTransferFunctionScriptingTraits (0ms)
			SetupTypeCache (546ms)
			ReleaseScriptCaches (3ms)
			RebuildScriptCaches (91ms)
			SetupLoadedEditorAssemblies (665ms)
				LogAssemblyErrors (0ms)
				InitializePlatformSupportModulesInManaged (30ms)
				SetLoadedEditorAssemblies (1ms)
				RefreshPlugins (1ms)
				BeforeProcessingInitializeOnLoad (148ms)
				ProcessInitializeOnLoadAttributes (426ms)
				ProcessInitializeOnLoadMethodAttributes (33ms)
				AfterProcessingInitializeOnLoad (25ms)
				EditorAssembliesLoaded (0ms)
			ExecutionOrderSort2 (0ms)
			AwakeInstancesAfterBackupRestoration (7ms)
Platform modules already initialized, skipping
Refreshing native plugins compatible for Editor in 2.82 ms, found 3 plugins.
Preloading 0 native plugins for Editor in 0.00 ms.
Unloading 3379 Unused Serialized files (Serialized files now loaded: 0)
Unloading 17 unused Assets / (24.6 KB). Loaded Objects now: 3882.
Memory consumption went from 122.4 MB to 122.4 MB.
Total: 3.614800 ms (FindLiveObjects: 0.333600 ms CreateObjectMapping: 0.259200 ms MarkObjects: 2.997200 ms  DeleteObjects: 0.023300 ms)

AssetImportParameters requested are different than current active one (requested -> active):
  custom:video-decoder-ogg-theora: a1e56fd34408186e4bbccfd4996cb3dc -> 
  custom:container-muxer-webm: aa71ff27fc2769a1b78a27578f13a17b -> 
  custom:container-demuxer-webm: 4f35f7cbe854078d1ac9338744f61a02 -> 
  custom:video-encoder-webm-vp8: eb34c28f22e8b96e1ab97ce403110664 -> 
  custom:video-codec-MediaFoundation-h265: 746d11721c4dcdbdad8f713fa42b33f4 -> 
  custom:audio-encoder-webm-vorbis: bf7c407c2cedff20999df2af8eb42d56 -> 
  custom:framework-win-MediaFoundation: 216162199b28c13a410421893ffa2e32 -> 
  custom:container-demuxer-ogg: 62fdf1f143b41e24485cea50d1cbac27 -> 
  custom:video-decoder-webm-vp8: 9c59270c3fd7afecdb556c50c9e8de78 -> 
  custom:audio-decoder-ogg-vorbis: bf7c407c2cedff20999df2af8eb42d56 -> 
Editor requested this worker to shutdown with reason: Scaling down because of idle timeout
AssetImportWorker is now disconnected from the server
Process exiting
Exiting without the bug reporter. Application will terminate with return code 0