Using pre-set license
Built from '2021.3/staging' branch; Version is '2021.3.2f1 (d6360bedb9a0) revision 14038539'; Using compiler version '192829333'; Build Type 'Release'
OS: 'Windows 10  (10.0.19044) 64bit Core' Language: 'en' Physical Memory: 32717 MB
BatchMode: 1, IsHumanControllingUs: 0, StartBugReporterOnCrash: 0, Is64bit: 1, IsPro: 1

COMMAND LINE ARGUMENTS:
D:\ProgramFiles\2021.3.2f1\Editor\Unity.exe
-adb2
-batchMode
-noUpm
-name
AssetImportWorker1
-projectPath
C:/Users/endea/Documents/GitHub/IDPGroup3GameFIXED/TitleScreen
-logFile
Logs/AssetImportWorker1.log
-srvPort
53180
Successfully changed project path to: C:/Users/endea/Documents/GitHub/IDPGroup3GameFIXED/TitleScreen
C:/Users/endea/Documents/GitHub/IDPGroup3GameFIXED/TitleScreen
[UnityMemory] Configuration Parameters - Can be set up in boot.config
    "memorysetup-bucket-allocator-granularity=16"
    "memorysetup-bucket-allocator-bucket-count=8"
    "memorysetup-bucket-allocator-block-size=33554432"
    "memorysetup-bucket-allocator-block-count=8"
    "memorysetup-main-allocator-block-size=16777216"
    "memorysetup-thread-allocator-block-size=16777216"
    "memorysetup-gfx-main-allocator-block-size=16777216"
    "memorysetup-gfx-thread-allocator-block-size=16777216"
    "memorysetup-cache-allocator-block-size=4194304"
    "memorysetup-typetree-allocator-block-size=2097152"
    "memorysetup-profiler-bucket-allocator-granularity=16"
    "memorysetup-profiler-bucket-allocator-bucket-count=8"
    "memorysetup-profiler-bucket-allocator-block-size=33554432"
    "memorysetup-profiler-bucket-allocator-block-count=8"
    "memorysetup-profiler-allocator-block-size=16777216"
    "memorysetup-profiler-editor-allocator-block-size=1048576"
    "memorysetup-temp-allocator-size-main=16777216"
    "memorysetup-job-temp-allocator-block-size=2097152"
    "memorysetup-job-temp-allocator-block-size-background=1048576"
    "memorysetup-job-temp-allocator-reduction-small-platforms=262144"
    "memorysetup-temp-allocator-size-background-worker=32768"
    "memorysetup-temp-allocator-size-job-worker=262144"
    "memorysetup-temp-allocator-size-preload-manager=33554432"
    "memorysetup-temp-allocator-size-nav-mesh-worker=65536"
    "memorysetup-temp-allocator-size-audio-worker=65536"
    "memorysetup-temp-allocator-size-cloud-worker=32768"
    "memorysetup-temp-allocator-size-gi-baking-worker=262144"
    "memorysetup-temp-allocator-size-gfx=262144"
Refreshing native plugins compatible for Editor in 115.15 ms, found 3 plugins.
Preloading 0 native plugins for Editor in 0.00 ms.
Initialize engine version: 2021.3.2f1 (d6360bedb9a0)
[Subsystems] Discovering subsystems at path D:/ProgramFiles/2021.3.2f1/Editor/Data/Resources/UnitySubsystems
[Subsystems] Discovering subsystems at path C:/Users/endea/Documents/GitHub/IDPGroup3GameFIXED/TitleScreen/Assets
GfxDevice: creating device client; threaded=0; jobified=0
Direct3D:
    Version:  Direct3D 11.0 [level 11.1]
    Renderer: NVIDIA GeForce RTX 2060 SUPER (ID=0x1f47)
    Vendor:   NVIDIA
    VRAM:     8031 MB
    Driver:   27.21.14.5671
Initialize mono
Mono path[0] = 'D:/ProgramFiles/2021.3.2f1/Editor/Data/Managed'
Mono path[1] = 'D:/ProgramFiles/2021.3.2f1/Editor/Data/MonoBleedingEdge/lib/mono/unityjit-win32'
Mono config path = 'D:/ProgramFiles/2021.3.2f1/Editor/Data/MonoBleedingEdge/etc'
Using monoOptions --debugger-agent=transport=dt_socket,embedding=1,server=y,suspend=n,address=127.0.0.1:56924
Begin MonoManager ReloadAssembly
Registering precompiled unity dll's ...
Register platform support module: D:/ProgramFiles/2021.3.2f1/Editor/Data/PlaybackEngines/WebGLSupport/UnityEditor.WebGL.Extensions.dll
Register platform support module: D:/ProgramFiles/2021.3.2f1/Editor/Data/PlaybackEngines/WindowsStandaloneSupport/UnityEditor.WindowsStandalone.Extensions.dll
Registered in 0.005794 seconds.
Native extension for WindowsStandalone target not found
Native extension for WebGL target not found
Refreshing native plugins compatible for Editor in 109.84 ms, found 3 plugins.
Preloading 0 native plugins for Editor in 0.00 ms.
Mono: successfully reloaded assembly
- Completed reload, in  0.948 seconds
Domain Reload Profiling:
	ReloadAssembly (949ms)
		BeginReloadAssembly (104ms)
			ExecutionOrderSort (0ms)
			DisableScriptedObjects (0ms)
			BackupInstance (0ms)
			ReleaseScriptingObjects (0ms)
			CreateAndSetChildDomain (1ms)
		EndReloadAssembly (679ms)
			LoadAssemblies (103ms)
			RebuildTransferFunctionScriptingTraits (0ms)
			SetupTypeCache (150ms)
			ReleaseScriptCaches (0ms)
			RebuildScriptCaches (37ms)
			SetupLoadedEditorAssemblies (423ms)
				LogAssemblyErrors (0ms)
				InitializePlatformSupportModulesInManaged (11ms)
				SetLoadedEditorAssemblies (0ms)
				RefreshPlugins (110ms)
				BeforeProcessingInitializeOnLoad (2ms)
				ProcessInitializeOnLoadAttributes (225ms)
				ProcessInitializeOnLoadMethodAttributes (75ms)
				AfterProcessingInitializeOnLoad (0ms)
				EditorAssembliesLoaded (0ms)
			ExecutionOrderSort2 (0ms)
			AwakeInstancesAfterBackupRestoration (0ms)
Platform modules already initialized, skipping
Registering precompiled user dll's ...
Registered in 0.011619 seconds.
Begin MonoManager ReloadAssembly
Symbol file LoadedFromMemory doesn't match image C:\Users\endea\Documents\GitHub\IDPGroup3GameFIXED\TitleScreen\Library\PackageCache\com.unity.visualscripting@1.7.6\Editor\VisualScripting.Core\Dependencies\YamlDotNet\Unity.VisualScripting.YamlDotNet.dll
Symbol file LoadedFromMemory doesn't match image C:\Users\endea\Documents\GitHub\IDPGroup3GameFIXED\TitleScreen\Library\PackageCache\com.unity.visualscripting@1.7.6\Editor\VisualScripting.Core\Dependencies\DotNetZip\Unity.VisualScripting.IonicZip.dll
Native extension for WindowsStandalone target not found
Native extension for WebGL target not found
Refreshing native plugins compatible for Editor in 1.21 ms, found 3 plugins.
Preloading 0 native plugins for Editor in 0.00 ms.
Mono: successfully reloaded assembly
- Completed reload, in  1.433 seconds
Domain Reload Profiling:
	ReloadAssembly (1434ms)
		BeginReloadAssembly (149ms)
			ExecutionOrderSort (0ms)
			DisableScriptedObjects (8ms)
			BackupInstance (0ms)
			ReleaseScriptingObjects (0ms)
			CreateAndSetChildDomain (28ms)
		EndReloadAssembly (1116ms)
			LoadAssemblies (111ms)
			RebuildTransferFunctionScriptingTraits (0ms)
			SetupTypeCache (359ms)
			ReleaseScriptCaches (1ms)
			RebuildScriptCaches (70ms)
			SetupLoadedEditorAssemblies (519ms)
				LogAssemblyErrors (0ms)
				InitializePlatformSupportModulesInManaged (9ms)
				SetLoadedEditorAssemblies (1ms)
				RefreshPlugins (1ms)
				BeforeProcessingInitializeOnLoad (124ms)
				ProcessInitializeOnLoadAttributes (341ms)
				ProcessInitializeOnLoadMethodAttributes (38ms)
				AfterProcessingInitializeOnLoad (5ms)
				EditorAssembliesLoaded (0ms)
			ExecutionOrderSort2 (0ms)
			AwakeInstancesAfterBackupRestoration (8ms)
Platform modules already initialized, skipping
========================================================================
Worker process is ready to serve import requests
Launched and connected shader compiler UnityShaderCompiler.exe after 0.10 seconds
Refreshing native plugins compatible for Editor in 0.79 ms, found 3 plugins.
Preloading 0 native plugins for Editor in 0.00 ms.
Unloading 3389 Unused Serialized files (Serialized files now loaded: 0)
Unloading 24 unused Assets / (56.2 KB). Loaded Objects now: 3848.
Memory consumption went from 118.2 MB to 118.2 MB.
Total: 4.213400 ms (FindLiveObjects: 0.422300 ms CreateObjectMapping: 0.106700 ms MarkObjects: 3.575600 ms  DeleteObjects: 0.106900 ms)

AssetImportParameters requested are different than current active one (requested -> active):
  custom:video-decoder-ogg-theora: a1e56fd34408186e4bbccfd4996cb3dc -> 
  custom:container-muxer-webm: aa71ff27fc2769a1b78a27578f13a17b -> 
  custom:container-demuxer-webm: 4f35f7cbe854078d1ac9338744f61a02 -> 
  custom:video-encoder-webm-vp8: eb34c28f22e8b96e1ab97ce403110664 -> 
  custom:audio-encoder-webm-vorbis: bf7c407c2cedff20999df2af8eb42d56 -> 
  custom:framework-win-MediaFoundation: 216162199b28c13a410421893ffa2e32 -> 
  custom:container-demuxer-ogg: 62fdf1f143b41e24485cea50d1cbac27 -> 
  custom:video-decoder-webm-vp8: 9c59270c3fd7afecdb556c50c9e8de78 -> 
  custom:audio-decoder-ogg-vorbis: bf7c407c2cedff20999df2af8eb42d56 -> 
========================================================================
Received Import Request.
  Time since last request: 95661.642321 seconds.
  path: Assets/Images/Room1/stickynotetemp.png
  artifactKey: Guid(7a4e1f6c519f47148b68b6e5a9cd8769) Importer(815301076,1909f56bfc062723c751e8b465ee728b)
Start importing Assets/Images/Room1/stickynotetemp.png using Guid(7a4e1f6c519f47148b68b6e5a9cd8769) Importer(815301076,1909f56bfc062723c751e8b465ee728b)  -> (artifact id: 'bd0b503dc55b56f35e12a1112f8c467f') in 0.329981 seconds 
========================================================================
Received Import Request.
  Time since last request: 0.000038 seconds.
  path: Assets/Images/Room1/Shelf1_2.png
  artifactKey: Guid(b52898d1ded14f74db2f5895b429da78) Importer(815301076,1909f56bfc062723c751e8b465ee728b)
Start importing Assets/Images/Room1/Shelf1_2.png using Guid(b52898d1ded14f74db2f5895b429da78) Importer(815301076,1909f56bfc062723c751e8b465ee728b)  -> (artifact id: '790c352763762270d86a651c7ece0867') in 0.165854 seconds 
========================================================================
Received Import Request.
  Time since last request: 30.893365 seconds.
  path: Assets/Images/Room1/KeyToBasement.png
  artifactKey: Guid(590ba74d6eb292641878a48f0613982d) Importer(815301076,1909f56bfc062723c751e8b465ee728b)
Start importing Assets/Images/Room1/KeyToBasement.png using Guid(590ba74d6eb292641878a48f0613982d) Importer(815301076,1909f56bfc062723c751e8b465ee728b)  -> (artifact id: 'cf18ca3df0360c83226a1a66c9f46fe7') in 0.259868 seconds 
========================================================================
Received Import Request.
  Time since last request: 0.000036 seconds.
  path: Assets/Images/Room1/MusicBoxWHandle.png
  artifactKey: Guid(57339f2a7853c8640b80abf13168db2c) Importer(815301076,1909f56bfc062723c751e8b465ee728b)
Start importing Assets/Images/Room1/MusicBoxWHandle.png using Guid(57339f2a7853c8640b80abf13168db2c) Importer(815301076,1909f56bfc062723c751e8b465ee728b)  -> (artifact id: 'aca30c0598f47414016a2ceebbadf175') in 0.122024 seconds 
========================================================================
Received Import Request.
  Time since last request: 0.347758 seconds.
  path: Assets/Images/Room1/hintbutton.png
  artifactKey: Guid(64ca9d78f318d124f9c5a67cb3aa225b) Importer(815301076,1909f56bfc062723c751e8b465ee728b)
Start importing Assets/Images/Room1/hintbutton.png using Guid(64ca9d78f318d124f9c5a67cb3aa225b) Importer(815301076,1909f56bfc062723c751e8b465ee728b)  -> (artifact id: '5b739ad0afc962f867faa77255e93e53') in 0.268610 seconds 
========================================================================
Received Import Request.
  Time since last request: 0.622526 seconds.
  path: Assets/Images/Room1/CrumpledDrawing.png
  artifactKey: Guid(2c64557ee228ea84685372807eb55d66) Importer(815301076,1909f56bfc062723c751e8b465ee728b)
Start importing Assets/Images/Room1/CrumpledDrawing.png using Guid(2c64557ee228ea84685372807eb55d66) Importer(815301076,1909f56bfc062723c751e8b465ee728b)  -> (artifact id: '682e69d69a5d4510b00096a6a7577a79') in 0.262511 seconds 
========================================================================
Received Import Request.
  Time since last request: 0.000035 seconds.
  path: Assets/Images/Room1/BlueTimers/BlueTimerEmpty.png
  artifactKey: Guid(18d8c5a544cbd6344873ca60e53f317d) Importer(815301076,1909f56bfc062723c751e8b465ee728b)
Start importing Assets/Images/Room1/BlueTimers/BlueTimerEmpty.png using Guid(18d8c5a544cbd6344873ca60e53f317d) Importer(815301076,1909f56bfc062723c751e8b465ee728b)  -> (artifact id: '7c9aa980d926d5df2decf57877889aea') in 0.196619 seconds 
========================================================================
Received Import Request.
  Time since last request: 0.000056 seconds.
  path: Assets/Images/Room1/Bedroom1_1.png
  artifactKey: Guid(290780b1f78e5694099ca1b6787d10b3) Importer(815301076,1909f56bfc062723c751e8b465ee728b)
Start importing Assets/Images/Room1/Bedroom1_1.png using Guid(290780b1f78e5694099ca1b6787d10b3) Importer(815301076,1909f56bfc062723c751e8b465ee728b)  -> (artifact id: 'e92aa275835b920d0b20577e7285795c') in 0.174741 seconds 
========================================================================
Received Import Request.
  Time since last request: 0.000056 seconds.
  path: Assets/Images/Room1/BlueTimers/BlueTimer3.png
  artifactKey: Guid(4caaaf7896932414badf9afd3c856eb2) Importer(815301076,1909f56bfc062723c751e8b465ee728b)
Start importing Assets/Images/Room1/BlueTimers/BlueTimer3.png using Guid(4caaaf7896932414badf9afd3c856eb2) Importer(815301076,1909f56bfc062723c751e8b465ee728b)  -> (artifact id: '8792085c5058a11543cac8a37d7c528a') in 0.199340 seconds 
========================================================================
Received Import Request.
  Time since last request: 0.000048 seconds.
  path: Assets/Images/Room1/BlueTimers/BlueTimerOpened.png
  artifactKey: Guid(6b25ffa2a74f0c4408d0734d243fbedc) Importer(815301076,1909f56bfc062723c751e8b465ee728b)
Start importing Assets/Images/Room1/BlueTimers/BlueTimerOpened.png using Guid(6b25ffa2a74f0c4408d0734d243fbedc) Importer(815301076,1909f56bfc062723c751e8b465ee728b)  -> (artifact id: 'ba7d339a122f32eeda9f65b9c7978fa9') in 0.200750 seconds 
Editor requested this worker to shutdown with reason: Scaling down because of idle timeout
AssetImportWorker is now disconnected from the server
Process exiting
Exiting without the bug reporter. Application will terminate with return code 0